<?xml version="1.0" encoding="UTF-8"?>
<!-- Generated by org.testng.reporters.JUnitReportReporter -->
<testsuite hostname="LAPTOP-A630U333" failures="0" tests="1" name="testcase.Login_DWS" time="8.895" errors="0" timestamp="2022-12-13T13:20:35 IST" skipped="0">
  <testcase classname="testcase.Login_DWS" name="login" time="8.895"/>
  <system-out/>
</testsuite> <!-- testcase.Login_DWS -->
