<?xml version="1.0" encoding="UTF-8"?>
<!-- Generated by org.testng.reporters.JUnitReportReporter -->
<testsuite hostname="LAPTOP-A630U333" failures="0" tests="1" name="testcase.search_Test" time="5.408" errors="0" timestamp="2022-12-13T13:06:01 IST" skipped="0">
  <testcase classname="testcase.search_Test" name="Search" time="5.408"/>
  <system-out/>
</testsuite> <!-- testcase.search_Test -->
