<?xml version="1.0" encoding="UTF-8"?>
<!-- Generated by org.testng.reporters.JUnitReportReporter -->
<testsuite hostname="LAPTOP-A630U333" failures="0" tests="1" name="testcase.register_DWS" time="7.904" errors="0" timestamp="2022-12-13T13:06:01 IST" skipped="0">
  <testcase classname="testcase.register_DWS" name="register" time="7.904"/>
  <system-out/>
</testsuite> <!-- testcase.register_DWS -->
